#
# A fatal error has been detected by the Java Runtime Environment:
#
#  EXCEPTION_ACCESS_VIOLATION (0xc0000005) at pc=0x00000000, pid=12392, tid=11424
#
# JRE version:  (7.0_55-b14) (build )
# Java VM: Java HotSpot(TM) Client VM (24.55-b03 mixed mode windows-x86 )
# Problematic frame:
# C  0x00000000
#
# Failed to write core dump. Minidumps are not enabled by default on client versions of Windows
#
# If you would like to submit a bug report, please visit:
#   http://bugreport.sun.com/bugreport/crash.jsp
#

---------------  T H R E A D  ---------------

Current thread (0x00edc400):  JavaThread "main" [_thread_in_Java, id=11424, stack(0x02810000,0x3e1c0000)]

siginfo: ExceptionCode=0xc0000005, ExceptionInformation=0x00000008 0x00000000

Registers:
EAX=0x00100000, EBX=0x61ccd380, ECX=0x51cc0da0, EDX=0x00500001
ESP=0x3e1beaa0, EBP=0x3e1beac8, ESI=0x3e1beaa4, EDI=0x3e1beacc
EIP=0x00000000, EFLAGS=0x00010216

Top of Stack: (sp=0x3e1beaa0)
0x3e1beaa0:   3e1c347b 51cc0da0 3e1beaa8 61cd6ae3
0x3e1beab0:   3e1beacc 61d29970 00000000 61cd6b20
0x3e1beac0:   3e1beaa4 3e1bead0 3e1beaec 3e1c03d7
0x3e1bead0:   3e1beb20 3e1beafc 51a7eb22 00001f80
0x3e1beae0:   3e1c0372 00edc400 61cd6b20 3e1beb6c
0x3e1beaf0:   51a7f25a 3e1beb20 3e1bebf4 0000000a
0x3e1beb00:   61cd6b20 3e1c9800 3e1bec04 00000000
0x3e1beb10:   00edc400 00edc400 00edc400 00000004 

Instructions: (pc=0x00000000)
0xffffffe0:   


Register to memory mapping:

EAX=0x00100000 is an unknown value
EBX=0x61ccd380 is an oop
{method} 
 - klass: {other class}
ECX=0x51cc0da0 is an oop
java.lang.Class 
 - klass: 'java/lang/Class'
EDX=0x00500001 is an unknown value
ESP=0x3e1beaa0 is pointing into the stack for thread: 0x00edc400
EBP=0x3e1beac8 is pointing into the stack for thread: 0x00edc400
ESI=0x3e1beaa4 is pointing into the stack for thread: 0x00edc400
EDI=0x3e1beacc is pointing into the stack for thread: 0x00edc400


Stack: [0x02810000,0x3e1c0000],  sp=0x3e1beaa0,  free space=976570k

---------------  P R O C E S S  ---------------

Java Threads: ( => current thread )
=>0x00edc400 JavaThread "main" [_thread_in_Java, id=11424, stack(0x02810000,0x3e1c0000)]

Other Threads:
  0x010df800 VMThread [stack: 0x40270000,0x402c0000] [id=12860]

VM state:not at safepoint (normal execution)

VM Mutex/Monitor currently owned by a thread: None

Heap
 def new generation   total 4928K, used 88K [0x51cc0000, 0x52210000, 0x57210000)
  eden space 4416K,   2% used [0x51cc0000, 0x51cd61b8, 0x52110000)
  from space 512K,   0% used [0x52110000, 0x52110000, 0x52190000)
  to   space 512K,   0% used [0x52190000, 0x52190000, 0x52210000)
 tenured generation   total 10944K, used 0K [0x57210000, 0x57cc0000, 0x61cc0000)
   the space 10944K,   0% used [0x57210000, 0x57210000, 0x57210200, 0x57cc0000)
 compacting perm gen  total 12288K, used 501K [0x61cc0000, 0x628c0000, 0x65cc0000)
   the space 12288K,   4% used [0x61cc0000, 0x61d3d660, 0x61d3d800, 0x628c0000)
No shared spaces configured.

Card table byte_map: [0x00e00000,0x00eb0000] byte_map_base: 0x00b71a00

Polling page: 0x001f0000

Code Cache  [0x3e1c0000, 0x3e208000, 0x401c0000)
 total_blobs=40 nmethods=0 adapters=19 free_code_cache=32498Kb largest_free_block=33278592

Compilation events (0 events):
No events

GC Heap History (0 events):
No events

Deoptimization events (0 events):
No events

Internal exceptions (0 events):
No events

Events (10 events):
Event: 0.111 loading class 0x00f1a470 done
Event: 0.111 loading class 0x00f1a450 done
Event: 0.111 loading class 0x00f25380
Event: 0.112 loading class 0x00f25380 done
Event: 0.112 loading class 0x00f22510
Event: 0.112 loading class 0x00f22510 done
Event: 0.112 loading class 0x00f29398
Event: 0.112 loading class 0x00f29398 done
Event: 0.112 loading class 0x00f293c0
Event: 0.112 loading class 0x00f293c0 done


Dynamic libraries:
0x01310000 - 0x0133f000 	c:\Windows\SysWOW64\java.exe
0x77bf0000 - 0x77d70000 	C:\Windows\SysWOW64\ntdll.dll
0x6ec10000 - 0x6ec4f000 	C:\Program Files\AVAST Software\Avast\snxhk.dll
0x75660000 - 0x75770000 	C:\Windows\syswow64\KERNEL32.dll
0x77210000 - 0x77257000 	C:\Windows\syswow64\KERNELBASE.dll
0x77020000 - 0x770c0000 	C:\Windows\syswow64\ADVAPI32.dll
0x75890000 - 0x7593c000 	C:\Windows\syswow64\msvcrt.dll
0x772c0000 - 0x772d9000 	C:\Windows\SysWOW64\sechost.dll
0x753b0000 - 0x754a0000 	C:\Windows\syswow64\RPCRT4.dll
0x752d0000 - 0x75330000 	C:\Windows\syswow64\SspiCli.dll
0x752c0000 - 0x752cc000 	C:\Windows\syswow64\CRYPTBASE.dll
0x75cf0000 - 0x75df0000 	C:\Windows\syswow64\USER32.dll
0x754a0000 - 0x75530000 	C:\Windows\syswow64\GDI32.dll
0x76be0000 - 0x76bea000 	C:\Windows\syswow64\LPK.dll
0x755c0000 - 0x7565d000 	C:\Windows\syswow64\USP10.dll
0x6f000000 - 0x6f19e000 	C:\Windows\WinSxS\x86_microsoft.windows.common-controls_6595b64144ccf1df_6.0.7601.17514_none_41e6975e2bd6f2b2\COMCTL32.dll
0x75550000 - 0x755a7000 	C:\Windows\syswow64\SHLWAPI.dll
0x76f90000 - 0x76ff0000 	C:\Windows\system32\IMM32.DLL
0x75b90000 - 0x75c5c000 	C:\Windows\syswow64\MSCTF.dll
0x69ea0000 - 0x69f5f000 	C:\Program Files (x86)\Java\jre7\bin\msvcr100.dll
0x51940000 - 0x51cc0000 	C:\Program Files (x86)\Java\jre7\bin\client\jvm.dll
0x73b90000 - 0x73b97000 	c:\Windows\SysWOW64\WSOCK32.dll
0x75e30000 - 0x75e65000 	C:\Windows\syswow64\WS2_32.dll
0x75df0000 - 0x75df6000 	C:\Windows\syswow64\NSI.dll
0x72510000 - 0x72542000 	c:\Windows\SysWOW64\WINMM.dll
0x76c80000 - 0x76c85000 	C:\Windows\syswow64\PSAPI.DLL
0x69e90000 - 0x69e9c000 	C:\Program Files (x86)\Java\jre7\bin\verify.dll
0x69e70000 - 0x69e90000 	C:\Program Files (x86)\Java\jre7\bin\java.dll
0x69e50000 - 0x69e63000 	C:\Program Files (x86)\Java\jre7\bin\zip.dll
0x402c0000 - 0x403ab000 	c:\Windows\SysWOW64\dbghelp.dll

VM Arguments:
jvm_args: -Xss1000000000 
java_command: pgi.jar
Launcher Type: SUN_STANDARD

Environment Variables:
PATH=c:\Users\Parisbre56\bin;.;C:\Program Files (x86)\Git\local\bin;C:\Program Files (x86)\Git\mingw\bin;C:\Program Files (x86)\Git\bin;c:\Program Files (x86)\Haskell\bin;c:\Program Files (x86)\Haskell Platform\2013.2.0.0\lib\extralibs\bin;c:\Program Files (x86)\Haskell Platform\2013.2.0.0\bin;c:\Python27\Lib\site-packages\PyQt4;c:\Program Files (x86)\NVIDIA Corporation\PhysX\Common;c:\Program Files (x86)\PC Connectivity Solution\;c:\Windows\system32;c:\Windows;c:\Windows\System32\Wbem;c:\Windows\System32\WindowsPowerShell\v1.0\;c:\Program Files (x86)\ATI Technologies\ATI.ACE\Core-Static;c:\Program Files (x86)\Common Files\Teleca Shared;c:\Program Files (x86)\Bitvise SSH Client;c:\Program Files (x86)\Java\jre7\bin;c:\Program Files (x86)\MySQL\MySQL Utilities 1.3.6\;c:\Program Files (x86)\Haskell Platform\2013.2.0.0\mingw\bin;c:\Users\Parisbre56\AppData\Roaming\cabal\bin;c:\Python27;c:\Program Files (x86)\Nmap;c:\Program Files (x86)\OpenVPN\bin;c:\Program Files\swipl\bin;c:\adt-bundle-windows-x86_64-20131030\sdk\platform-tools;c:\Program Files\Java\jdk1.7.0_45\bin
USERNAME=Parisbre56
OS=Windows_NT
PROCESSOR_IDENTIFIER=Intel64 Family 6 Model 37 Stepping 2, GenuineIntel



---------------  S Y S T E M  ---------------

OS: Windows 7 , 64 bit Build 7601 Service Pack 1

CPU:total 4 (2 cores per cpu, 2 threads per core) family 6 model 37 stepping 2, cmov, cx8, fxsr, mmx, sse, sse2, sse3, ssse3, sse4.1, sse4.2, popcnt, ht, tsc, tscinvbit

Memory: 4k page, physical 4051456k(1434272k free), swap 8101052k(4388216k free)

vm_info: Java HotSpot(TM) Client VM (24.55-b03) for windows-x86 JRE (1.7.0_55-b14), built on Apr 14 2014 18:25:32 by "java_re" with unknown MS VC++:1600

time: Sat Jun 28 14:36:03 2014
elapsed time: 0 seconds

